{"/Users/makotohashimoto/Documents/python_practice/BACnet_django/discovery/static/js/modules/device-detail.js": {"path":"/Users/makotohashimoto/Documents/python_practice/BACnet_django/discovery/static/js/modules/device-detail.js","statementMap":{"0":{"start":{"line":3,"column":8},"end":{"line":8,"column":10}},"1":{"start":{"line":12,"column":8},"end":{"line":20,"column":52}},"2":{"start":{"line":14,"column":16},"end":{"line":18,"column":17}},"3":{"start":{"line":15,"column":20},"end":{"line":15,"column":40}},"4":{"start":{"line":17,"column":20},"end":{"line":17,"column":46}},"5":{"start":{"line":20,"column":28},"end":{"line":20,"column":50}},"6":{"start":{"line":24,"column":8},"end":{"line":45,"column":11}},"7":{"start":{"line":25,"column":24},"end":{"line":25,"column":82}},"8":{"start":{"line":26,"column":12},"end":{"line":44,"column":13}},"9":{"start":{"line":27,"column":34},"end":{"line":27,"column":71}},"10":{"start":{"line":28,"column":16},"end":{"line":34,"column":17}},"11":{"start":{"line":29,"column":20},"end":{"line":33,"column":21}},"12":{"start":{"line":30,"column":24},"end":{"line":30,"column":68}},"13":{"start":{"line":32,"column":24},"end":{"line":32,"column":52}},"14":{"start":{"line":36,"column":33},"end":{"line":36,"column":65}},"15":{"start":{"line":37,"column":16},"end":{"line":43,"column":17}},"16":{"start":{"line":38,"column":20},"end":{"line":42,"column":21}},"17":{"start":{"line":39,"column":24},"end":{"line":39,"column":65}},"18":{"start":{"line":41,"column":24},"end":{"line":41,"column":64}},"19":{"start":{"line":49,"column":8},"end":{"line":69,"column":11}},"20":{"start":{"line":50,"column":34},"end":{"line":50,"column":81}},"21":{"start":{"line":51,"column":12},"end":{"line":68,"column":15}},"22":{"start":{"line":52,"column":30},"end":{"line":52,"column":56}},"23":{"start":{"line":53,"column":16},"end":{"line":67,"column":17}},"24":{"start":{"line":54,"column":43},"end":{"line":54,"column":94}},"25":{"start":{"line":55,"column":39},"end":{"line":55,"column":92}},"26":{"start":{"line":57,"column":20},"end":{"line":66,"column":21}},"27":{"start":{"line":58,"column":41},"end":{"line":58,"column":49}},"28":{"start":{"line":59,"column":24},"end":{"line":65,"column":25}},"29":{"start":{"line":60,"column":28},"end":{"line":64,"column":29}},"30":{"start":{"line":61,"column":32},"end":{"line":61,"column":73}},"31":{"start":{"line":63,"column":32},"end":{"line":63,"column":91}},"32":{"start":{"line":73,"column":8},"end":{"line":73,"column":39}},"33":{"start":{"line":74,"column":8},"end":{"line":74,"column":39}},"34":{"start":{"line":75,"column":8},"end":{"line":75,"column":57}},"35":{"start":{"line":80,"column":23},"end":{"line":80,"column":65}},"36":{"start":{"line":81,"column":8},"end":{"line":81,"column":69}},"37":{"start":{"line":85,"column":24},"end":{"line":85,"column":70}},"38":{"start":{"line":86,"column":8},"end":{"line":88,"column":9}},"39":{"start":{"line":87,"column":12},"end":{"line":87,"column":81}},"40":{"start":{"line":92,"column":25},"end":{"line":92,"column":43}},"41":{"start":{"line":93,"column":20},"end":{"line":93,"column":53}},"42":{"start":{"line":95,"column":8},"end":{"line":102,"column":10}},"43":{"start":{"line":97,"column":16},"end":{"line":99,"column":17}},"44":{"start":{"line":98,"column":20},"end":{"line":98,"column":38}},"45":{"start":{"line":101,"column":18},"end":{"line":101,"column":57}},"46":{"start":{"line":106,"column":25},"end":{"line":106,"column":43}},"47":{"start":{"line":107,"column":20},"end":{"line":107,"column":53}},"48":{"start":{"line":109,"column":8},"end":{"line":115,"column":10}},"49":{"start":{"line":111,"column":16},"end":{"line":111,"column":58}},"50":{"start":{"line":112,"column":16},"end":{"line":112,"column":45}},"51":{"start":{"line":114,"column":23},"end":{"line":114,"column":80}},"52":{"start":{"line":119,"column":0},"end":{"line":119,"column":41}}},"fnMap":{"0":{"name":"(anonymous_0)","decl":{"start":{"line":2,"column":4},"end":{"line":2,"column":5}},"loc":{"start":{"line":2,"column":18},"end":{"line":9,"column":5}},"line":2},"1":{"name":"(anonymous_1)","decl":{"start":{"line":11,"column":4},"end":{"line":11,"column":5}},"loc":{"start":{"line":11,"column":62},"end":{"line":21,"column":5}},"line":11},"2":{"name":"(anonymous_2)","decl":{"start":{"line":13,"column":18},"end":{"line":13,"column":19}},"loc":{"start":{"line":13,"column":30},"end":{"line":19,"column":13}},"line":13},"3":{"name":"(anonymous_3)","decl":{"start":{"line":20,"column":19},"end":{"line":20,"column":20}},"loc":{"start":{"line":20,"column":28},"end":{"line":20,"column":50}},"line":20},"4":{"name":"(anonymous_4)","decl":{"start":{"line":23,"column":4},"end":{"line":23,"column":5}},"loc":{"start":{"line":23,"column":30},"end":{"line":46,"column":5}},"line":23},"5":{"name":"(anonymous_5)","decl":{"start":{"line":24,"column":23},"end":{"line":24,"column":24}},"loc":{"start":{"line":24,"column":32},"end":{"line":45,"column":9}},"line":24},"6":{"name":"(anonymous_6)","decl":{"start":{"line":48,"column":4},"end":{"line":48,"column":5}},"loc":{"start":{"line":48,"column":30},"end":{"line":70,"column":5}},"line":48},"7":{"name":"(anonymous_7)","decl":{"start":{"line":49,"column":23},"end":{"line":49,"column":24}},"loc":{"start":{"line":49,"column":32},"end":{"line":69,"column":9}},"line":49},"8":{"name":"(anonymous_8)","decl":{"start":{"line":51,"column":34},"end":{"line":51,"column":35}},"loc":{"start":{"line":51,"column":41},"end":{"line":68,"column":13}},"line":51},"9":{"name":"(anonymous_9)","decl":{"start":{"line":72,"column":4},"end":{"line":72,"column":5}},"loc":{"start":{"line":72,"column":32},"end":{"line":77,"column":5}},"line":72},"10":{"name":"(anonymous_10)","decl":{"start":{"line":79,"column":4},"end":{"line":79,"column":5}},"loc":{"start":{"line":79,"column":18},"end":{"line":82,"column":5}},"line":79},"11":{"name":"(anonymous_11)","decl":{"start":{"line":84,"column":4},"end":{"line":84,"column":5}},"loc":{"start":{"line":84,"column":28},"end":{"line":89,"column":5}},"line":84},"12":{"name":"(anonymous_12)","decl":{"start":{"line":91,"column":4},"end":{"line":91,"column":5}},"loc":{"start":{"line":91,"column":24},"end":{"line":103,"column":5}},"line":91},"13":{"name":"(anonymous_13)","decl":{"start":{"line":96,"column":12},"end":{"line":96,"column":13}},"loc":{"start":{"line":96,"column":26},"end":{"line":100,"column":13}},"line":96},"14":{"name":"(anonymous_14)","decl":{"start":{"line":101,"column":12},"end":{"line":101,"column":13}},"loc":{"start":{"line":101,"column":18},"end":{"line":101,"column":57}},"line":101},"15":{"name":"(anonymous_15)","decl":{"start":{"line":105,"column":4},"end":{"line":105,"column":5}},"loc":{"start":{"line":105,"column":26},"end":{"line":116,"column":5}},"line":105},"16":{"name":"(anonymous_16)","decl":{"start":{"line":110,"column":12},"end":{"line":110,"column":13}},"loc":{"start":{"line":110,"column":26},"end":{"line":113,"column":13}},"line":110},"17":{"name":"(anonymous_17)","decl":{"start":{"line":114,"column":12},"end":{"line":114,"column":13}},"loc":{"start":{"line":114,"column":23},"end":{"line":114,"column":80}},"line":114}},"branchMap":{"0":{"loc":{"start":{"line":14,"column":16},"end":{"line":18,"column":17}},"type":"if","locations":[{"start":{"line":14,"column":16},"end":{"line":18,"column":17}},{"start":{"line":16,"column":23},"end":{"line":18,"column":17}}],"line":14},"1":{"loc":{"start":{"line":26,"column":12},"end":{"line":44,"column":13}},"type":"if","locations":[{"start":{"line":26,"column":12},"end":{"line":44,"column":13}},{"start":{},"end":{}}],"line":26},"2":{"loc":{"start":{"line":28,"column":16},"end":{"line":34,"column":17}},"type":"if","locations":[{"start":{"line":28,"column":16},"end":{"line":34,"column":17}},{"start":{},"end":{}}],"line":28},"3":{"loc":{"start":{"line":29,"column":20},"end":{"line":33,"column":21}},"type":"if","locations":[{"start":{"line":29,"column":20},"end":{"line":33,"column":21}},{"start":{"line":31,"column":27},"end":{"line":33,"column":21}}],"line":29},"4":{"loc":{"start":{"line":37,"column":16},"end":{"line":43,"column":17}},"type":"if","locations":[{"start":{"line":37,"column":16},"end":{"line":43,"column":17}},{"start":{},"end":{}}],"line":37},"5":{"loc":{"start":{"line":38,"column":20},"end":{"line":42,"column":21}},"type":"if","locations":[{"start":{"line":38,"column":20},"end":{"line":42,"column":21}},{"start":{"line":40,"column":27},"end":{"line":42,"column":21}}],"line":38},"6":{"loc":{"start":{"line":38,"column":24},"end":{"line":38,"column":69}},"type":"binary-expr","locations":[{"start":{"line":38,"column":24},"end":{"line":38,"column":41}},{"start":{"line":38,"column":45},"end":{"line":38,"column":69}}],"line":38},"7":{"loc":{"start":{"line":53,"column":16},"end":{"line":67,"column":17}},"type":"if","locations":[{"start":{"line":53,"column":16},"end":{"line":67,"column":17}},{"start":{},"end":{}}],"line":53},"8":{"loc":{"start":{"line":57,"column":20},"end":{"line":66,"column":21}},"type":"if","locations":[{"start":{"line":57,"column":20},"end":{"line":66,"column":21}},{"start":{},"end":{}}],"line":57},"9":{"loc":{"start":{"line":59,"column":24},"end":{"line":65,"column":25}},"type":"if","locations":[{"start":{"line":59,"column":24},"end":{"line":65,"column":25}},{"start":{},"end":{}}],"line":59},"10":{"loc":{"start":{"line":60,"column":28},"end":{"line":64,"column":29}},"type":"if","locations":[{"start":{"line":60,"column":28},"end":{"line":64,"column":29}},{"start":{"line":62,"column":35},"end":{"line":64,"column":29}}],"line":60},"11":{"loc":{"start":{"line":60,"column":32},"end":{"line":60,"column":77}},"type":"binary-expr","locations":[{"start":{"line":60,"column":32},"end":{"line":60,"column":49}},{"start":{"line":60,"column":53},"end":{"line":60,"column":77}}],"line":60},"12":{"loc":{"start":{"line":81,"column":15},"end":{"line":81,"column":68}},"type":"cond-expr","locations":[{"start":{"line":81,"column":24},"end":{"line":81,"column":61}},{"start":{"line":81,"column":64},"end":{"line":81,"column":68}}],"line":81},"13":{"loc":{"start":{"line":86,"column":8},"end":{"line":88,"column":9}},"type":"if","locations":[{"start":{"line":86,"column":8},"end":{"line":88,"column":9}},{"start":{},"end":{}}],"line":86},"14":{"loc":{"start":{"line":97,"column":16},"end":{"line":99,"column":17}},"type":"if","locations":[{"start":{"line":97,"column":16},"end":{"line":99,"column":17}},{"start":{},"end":{}}],"line":97}},"s":{"0":16,"1":5,"2":5,"3":4,"4":1,"5":0,"6":4,"7":4,"8":4,"9":2,"10":2,"11":2,"12":1,"13":1,"14":2,"15":2,"16":2,"17":1,"18":1,"19":3,"20":3,"21":3,"22":4,"23":4,"24":4,"25":4,"26":4,"27":2,"28":2,"29":2,"30":1,"31":1,"32":1,"33":1,"34":1,"35":6,"36":6,"37":3,"38":3,"39":2,"40":2,"41":2,"42":2,"43":2,"44":1,"45":0,"46":1,"47":1,"48":1,"49":1,"50":1,"51":0,"52":1},"f":{"0":16,"1":5,"2":5,"3":0,"4":4,"5":4,"6":3,"7":3,"8":4,"9":1,"10":6,"11":3,"12":2,"13":2,"14":0,"15":1,"16":1,"17":0},"b":{"0":[4,1],"1":[2,2],"2":[2,0],"3":[1,1],"4":[2,0],"5":[1,1],"6":[2,1],"7":[4,0],"8":[2,2],"9":[2,0],"10":[1,1],"11":[2,1],"12":[5,1],"13":[2,1],"14":[1,1]},"_coverageSchema":"1a1c01bbd47fc00a2c39e90264f33305004495a9","hash":"76f445a29918718b428e0fbd6c0adc5fac4b79a7"}
}
