TN:
SF:discovery/static/js/modules/device-detail.js
FN:2,(anonymous_0)
FN:11,(anonymous_1)
FN:13,(anonymous_2)
FN:20,(anonymous_3)
FN:23,(anonymous_4)
FN:24,(anonymous_5)
FN:48,(anonymous_6)
FN:49,(anonymous_7)
FN:51,(anonymous_8)
FN:72,(anonymous_9)
FN:79,(anonymous_10)
FN:84,(anonymous_11)
FN:91,(anonymous_12)
FN:96,(anonymous_13)
FN:101,(anonymous_14)
FN:105,(anonymous_15)
FN:110,(anonymous_16)
FN:114,(anonymous_17)
FNF:18
FNH:15
FNDA:16,(anonymous_0)
FNDA:5,(anonymous_1)
FNDA:5,(anonymous_2)
FNDA:0,(anonymous_3)
FNDA:4,(anonymous_4)
FNDA:4,(anonymous_5)
FNDA:3,(anonymous_6)
FNDA:3,(anonymous_7)
FNDA:4,(anonymous_8)
FNDA:1,(anonymous_9)
FNDA:6,(anonymous_10)
FNDA:3,(anonymous_11)
FNDA:2,(anonymous_12)
FNDA:2,(anonymous_13)
FNDA:0,(anonymous_14)
FNDA:1,(anonymous_15)
FNDA:1,(anonymous_16)
FNDA:0,(anonymous_17)
DA:3,16
DA:12,5
DA:14,5
DA:15,4
DA:17,1
DA:20,0
DA:24,4
DA:25,4
DA:26,4
DA:27,2
DA:28,2
DA:29,2
DA:30,1
DA:32,1
DA:36,2
DA:37,2
DA:38,2
DA:39,1
DA:41,1
DA:49,3
DA:50,3
DA:51,3
DA:52,4
DA:53,4
DA:54,4
DA:55,4
DA:57,4
DA:58,2
DA:59,2
DA:60,2
DA:61,1
DA:63,1
DA:73,1
DA:74,1
DA:75,1
DA:80,6
DA:81,6
DA:85,3
DA:86,3
DA:87,2
DA:92,2
DA:93,2
DA:95,2
DA:97,2
DA:98,1
DA:101,0
DA:106,1
DA:107,1
DA:109,1
DA:111,1
DA:112,1
DA:114,0
DA:119,1
LF:53
LH:50
BRDA:14,0,0,4
BRDA:14,0,1,1
BRDA:26,1,0,2
BRDA:26,1,1,2
BRDA:28,2,0,2
BRDA:28,2,1,0
BRDA:29,3,0,1
BRDA:29,3,1,1
BRDA:37,4,0,2
BRDA:37,4,1,0
BRDA:38,5,0,1
BRDA:38,5,1,1
BRDA:38,6,0,2
BRDA:38,6,1,1
BRDA:53,7,0,4
BRDA:53,7,1,0
BRDA:57,8,0,2
BRDA:57,8,1,2
BRDA:59,9,0,2
BRDA:59,9,1,0
BRDA:60,10,0,1
BRDA:60,10,1,1
BRDA:60,11,0,2
BRDA:60,11,1,1
BRDA:81,12,0,5
BRDA:81,12,1,1
BRDA:86,13,0,2
BRDA:86,13,1,1
BRDA:97,14,0,1
BRDA:97,14,1,1
BRF:30
BRH:26
end_of_record
